Grammar

    0 $accept: lines $end

    1 lines: lines expr ';'
    2      | lines ';'
    3      | ε

    4 expr: expr ADD expr
    5     | expr MINUS expr
    6     | expr MUL expr
    7     | expr DIV expr
    8     | LPAREN expr RPAREN
    9     | MINUS expr
   10     | NUMBER


Terminals, with rules where they appear

    $end (0) 0
    ';' (59) 1 2
    error (256)
    ADD (258) 4
    MINUS (259) 5 9
    MUL (260) 6
    DIV (261) 7
    NUMBER (262) 10
    LPAREN (263) 8
    RPAREN (264) 8
    UMINUS (265)


Nonterminals, with rules where they appear

    $accept (12)
        on left: 0
    lines (13)
        on left: 1 2 3
        on right: 0 1 2
    expr (14)
        on left: 4 5 6 7 8 9 10
        on right: 1 4 5 6 7 8 9


State 0

    0 $accept: • lines $end

    $default  reduce using rule 3 (lines)

    lines  go to state 1


State 1

    0 $accept: lines • $end
    1 lines: lines • expr ';'
    2      | lines • ';'

    $end    shift, and go to state 2
    MINUS   shift, and go to state 3
    NUMBER  shift, and go to state 4
    LPAREN  shift, and go to state 5
    ';'     shift, and go to state 6

    expr  go to state 7


State 2

    0 $accept: lines $end •

    $default  accept


State 3

    9 expr: MINUS • expr

    MINUS   shift, and go to state 3
    NUMBER  shift, and go to state 4
    LPAREN  shift, and go to state 5

    expr  go to state 8


State 4

   10 expr: NUMBER •

    $default  reduce using rule 10 (expr)


State 5

    8 expr: LPAREN • expr RPAREN

    MINUS   shift, and go to state 3
    NUMBER  shift, and go to state 4
    LPAREN  shift, and go to state 5

    expr  go to state 9


State 6

    2 lines: lines ';' •

    $default  reduce using rule 2 (lines)


State 7

    1 lines: lines expr • ';'
    4 expr: expr • ADD expr
    5     | expr • MINUS expr
    6     | expr • MUL expr
    7     | expr • DIV expr

    ADD    shift, and go to state 10
    MINUS  shift, and go to state 11
    MUL    shift, and go to state 12
    DIV    shift, and go to state 13
    ';'    shift, and go to state 14


State 8

    4 expr: expr • ADD expr
    5     | expr • MINUS expr
    6     | expr • MUL expr
    7     | expr • DIV expr
    9     | MINUS expr •

    $default  reduce using rule 9 (expr)


State 9

    4 expr: expr • ADD expr
    5     | expr • MINUS expr
    6     | expr • MUL expr
    7     | expr • DIV expr
    8     | LPAREN expr • RPAREN

    ADD     shift, and go to state 10
    MINUS   shift, and go to state 11
    MUL     shift, and go to state 12
    DIV     shift, and go to state 13
    RPAREN  shift, and go to state 15


State 10

    4 expr: expr ADD • expr

    MINUS   shift, and go to state 3
    NUMBER  shift, and go to state 4
    LPAREN  shift, and go to state 5

    expr  go to state 16


State 11

    5 expr: expr MINUS • expr

    MINUS   shift, and go to state 3
    NUMBER  shift, and go to state 4
    LPAREN  shift, and go to state 5

    expr  go to state 17


State 12

    6 expr: expr MUL • expr

    MINUS   shift, and go to state 3
    NUMBER  shift, and go to state 4
    LPAREN  shift, and go to state 5

    expr  go to state 18


State 13

    7 expr: expr DIV • expr

    MINUS   shift, and go to state 3
    NUMBER  shift, and go to state 4
    LPAREN  shift, and go to state 5

    expr  go to state 19


State 14

    1 lines: lines expr ';' •

    $default  reduce using rule 1 (lines)


State 15

    8 expr: LPAREN expr RPAREN •

    $default  reduce using rule 8 (expr)


State 16

    4 expr: expr • ADD expr
    4     | expr ADD expr •
    5     | expr • MINUS expr
    6     | expr • MUL expr
    7     | expr • DIV expr

    MUL  shift, and go to state 12
    DIV  shift, and go to state 13

    $default  reduce using rule 4 (expr)


State 17

    4 expr: expr • ADD expr
    5     | expr • MINUS expr
    5     | expr MINUS expr •
    6     | expr • MUL expr
    7     | expr • DIV expr

    MUL  shift, and go to state 12
    DIV  shift, and go to state 13

    $default  reduce using rule 5 (expr)


State 18

    4 expr: expr • ADD expr
    5     | expr • MINUS expr
    6     | expr • MUL expr
    6     | expr MUL expr •
    7     | expr • DIV expr

    $default  reduce using rule 6 (expr)


State 19

    4 expr: expr • ADD expr
    5     | expr • MINUS expr
    6     | expr • MUL expr
    7     | expr • DIV expr
    7     | expr DIV expr •

    $default  reduce using rule 7 (expr)
